2024-12-18T10:21:20.601+07:00  INFO 1748 --- [main] .d.MicroDiscoveryServiceApplicationTests : Starting MicroDiscoveryServiceApplicationTests using Java 17.0.2 with PID 1748 (started by FLAMINGO-PC in C:\Users\FLAMINGO-PC\Documents\IntelliJ-work-space\micro-discovery-service)
2024-12-18T10:21:20.608+07:00  INFO 1748 --- [main] .d.MicroDiscoveryServiceApplicationTests : No active profile set, falling back to 1 default profile: "default"
2024-12-18T10:21:20.766+07:00  INFO 1748 --- [main] o.s.c.c.c.ConfigServerConfigDataLoader   : Fetching config from server at : http://192.168.88.131:8888
2024-12-18T10:21:20.770+07:00  INFO 1748 --- [main] o.s.c.c.c.ConfigServerConfigDataLoader   : Located environment: name=discovery-service, profiles=[default], label=null, version=null, state=null
2024-12-18T10:21:24.987+07:00  INFO 1748 --- [main] o.s.cloud.context.scope.GenericScope     : BeanFactory id=c9d61808-bccd-3d90-a50f-2c727761f9a6
2024-12-18T10:21:25.221+07:00  WARN 1748 --- [main] trationDelegate$BeanPostProcessorChecker : Bean 'org.springframework.cloud.client.loadbalancer.LoadBalancerAutoConfiguration$DeferringLoadBalancerInterceptorConfig' of type [org.springframework.cloud.client.loadbalancer.LoadBalancerAutoConfiguration$DeferringLoadBalancerInterceptorConfig] is not eligible for getting processed by all BeanPostProcessors (for example: not eligible for auto-proxying). The currently created BeanPostProcessor [lbRestClientPostProcessor] is declared through a non-static factory method on that class; consider declaring it as static instead.
2024-12-18T10:21:25.228+07:00  WARN 1748 --- [main] trationDelegate$BeanPostProcessorChecker : Bean 'deferringLoadBalancerInterceptor' of type [org.springframework.cloud.client.loadbalancer.DeferringLoadBalancerInterceptor] is not eligible for getting processed by all BeanPostProcessors (for example: not eligible for auto-proxying). Is this bean getting eagerly injected/applied to a currently created BeanPostProcessor [lbRestClientPostProcessor]? Check the corresponding BeanPostProcessor declaration and its dependencies/advisors. If this bean does not have to be post-processed, declare it with ROLE_INFRASTRUCTURE.
2024-12-18T10:21:28.685+07:00  INFO 1748 --- [main] o.s.cloud.commons.util.InetUtils         : Cannot determine local hostname
2024-12-18T10:21:31.085+07:00  INFO 1748 --- [main] o.s.cloud.commons.util.InetUtils         : Cannot determine local hostname
2024-12-18T10:21:31.218+07:00  WARN 1748 --- [main] iguration$LoadBalancerCaffeineWarnLogger : Spring Cloud LoadBalancer is currently working with the default cache. While this cache implementation is useful for development and tests, it's recommended to use Caffeine cache in production.You can switch to using Caffeine cache, by adding it and org.springframework.cache.caffeine.CaffeineCacheManager to the classpath.
2024-12-18T10:21:31.693+07:00  INFO 1748 --- [main] o.s.c.n.eureka.InstanceInfoFactory       : Setting initial instance status as: STARTING
2024-12-18T10:21:31.764+07:00  INFO 1748 --- [main] com.netflix.discovery.DiscoveryClient    : Initializing Eureka in region us-east-1
2024-12-18T10:21:31.768+07:00  INFO 1748 --- [main] com.netflix.discovery.DiscoveryClient    : Client configured to neither register nor query for data.
2024-12-18T10:21:31.770+07:00  INFO 1748 --- [main] com.netflix.discovery.DiscoveryClient    : Discovery Client initialized at timestamp 1734492091770 with initial instances count: 0
2024-12-18T10:21:31.864+07:00  INFO 1748 --- [main] c.n.eureka.DefaultEurekaServerContext    : Initializing ...
2024-12-18T10:21:31.869+07:00  INFO 1748 --- [main] c.n.eureka.cluster.PeerEurekaNodes       : Adding new peer nodes [http://localhost:9999/eureka/]
2024-12-18T10:21:32.601+07:00  INFO 1748 --- [main] c.n.d.provider.DiscoveryJerseyProvider   : Using JSON encoding codec LegacyJacksonJson
2024-12-18T10:21:32.601+07:00  INFO 1748 --- [main] c.n.d.provider.DiscoveryJerseyProvider   : Using JSON decoding codec LegacyJacksonJson
2024-12-18T10:21:32.602+07:00  INFO 1748 --- [main] c.n.d.provider.DiscoveryJerseyProvider   : Using XML encoding codec XStreamXml
2024-12-18T10:21:32.603+07:00  INFO 1748 --- [main] c.n.d.provider.DiscoveryJerseyProvider   : Using XML decoding codec XStreamXml
2024-12-18T10:21:32.787+07:00  INFO 1748 --- [main] c.n.eureka.cluster.PeerEurekaNodes       : Replica node URL:  http://localhost:9999/eureka/
2024-12-18T10:21:32.804+07:00  INFO 1748 --- [main] c.n.e.registry.AbstractInstanceRegistry  : Finished initializing remote region registries. All known remote regions: []
2024-12-18T10:21:32.805+07:00  INFO 1748 --- [main] c.n.eureka.DefaultEurekaServerContext    : Initialized
2024-12-18T10:21:33.050+07:00  INFO 1748 --- [main] o.s.b.a.e.web.EndpointLinksResolver      : Exposing 18 endpoints beneath base path '/actuator'
2024-12-18T10:21:33.387+07:00  INFO 1748 --- [main] o.s.c.n.e.s.EurekaServiceRegistry        : Registering application DISCOVERY-SERVICE with eureka with status UP
2024-12-18T10:21:33.434+07:00  INFO 1748 --- [Thread-11] o.s.c.n.e.server.EurekaServerBootstrap   : isAws returned false
2024-12-18T10:21:33.437+07:00  INFO 1748 --- [Thread-11] o.s.c.n.e.server.EurekaServerBootstrap   : Initialized server context
2024-12-18T10:21:33.439+07:00  INFO 1748 --- [Thread-11] c.n.e.r.PeerAwareInstanceRegistryImpl    : Got 1 instances from neighboring DS node
2024-12-18T10:21:33.440+07:00  INFO 1748 --- [Thread-11] c.n.e.r.PeerAwareInstanceRegistryImpl    : Renew threshold is: 1
2024-12-18T10:21:33.441+07:00  INFO 1748 --- [Thread-11] c.n.e.r.PeerAwareInstanceRegistryImpl    : Changing status to UP
2024-12-18T10:21:33.453+07:00  INFO 1748 --- [Thread-11] e.s.EurekaServerInitializerConfiguration : Started Eureka Server
2024-12-18T10:21:33.459+07:00  INFO 1748 --- [main] .d.MicroDiscoveryServiceApplicationTests : Started MicroDiscoveryServiceApplicationTests in 16.575 seconds (process running for 18.344)
2024-12-18T10:21:36.427+07:00  INFO 1748 --- [SpringApplicationShutdownHook] o.s.c.n.e.s.EurekaServiceRegistry        : Unregistering application DISCOVERY-SERVICE with eureka with status DOWN
2024-12-18T10:21:36.439+07:00  INFO 1748 --- [SpringApplicationShutdownHook] o.s.c.n.e.server.EurekaServerBootstrap   : Shutting down Eureka Server..
2024-12-18T10:21:36.440+07:00  INFO 1748 --- [SpringApplicationShutdownHook] c.n.eureka.DefaultEurekaServerContext    : Shutting down ...
2024-12-18T10:21:36.441+07:00  INFO 1748 --- [SpringApplicationShutdownHook] c.n.eureka.DefaultEurekaServerContext    : Shut down
2024-12-18T10:21:36.441+07:00  INFO 1748 --- [SpringApplicationShutdownHook] o.s.c.n.e.server.EurekaServerBootstrap   : Eureka Service is now shutdown...
2024-12-18T10:21:36.442+07:00  INFO 1748 --- [SpringApplicationShutdownHook] c.n.eureka.DefaultEurekaServerContext    : Shutting down ...
2024-12-18T10:21:36.444+07:00  INFO 1748 --- [SpringApplicationShutdownHook] c.n.eureka.DefaultEurekaServerContext    : Shut down
2024-12-18T10:21:36.454+07:00  INFO 1748 --- [SpringApplicationShutdownHook] com.netflix.discovery.DiscoveryClient    : Shutting down DiscoveryClient ...
2024-12-18T10:21:36.455+07:00  INFO 1748 --- [SpringApplicationShutdownHook] com.netflix.discovery.DiscoveryClient    : Completed shut down of DiscoveryClient
